mode: set
github.com/homirock/URL-Shortener/handler/handler.go:21.32,25.2 1 1
github.com/homirock/URL-Shortener/handler/handler.go:27.76,28.33 1 0
github.com/homirock/URL-Shortener/handler/handler.go:28.33,31.3 2 0
github.com/homirock/URL-Shortener/handler/handler.go:32.2,36.16 3 0
github.com/homirock/URL-Shortener/handler/handler.go:36.16,39.3 2 0
github.com/homirock/URL-Shortener/handler/handler.go:41.2,42.13 2 0
github.com/homirock/URL-Shortener/handler/handler.go:42.13,46.3 2 0
github.com/homirock/URL-Shortener/handler/handler.go:47.2,53.41 3 0
github.com/homirock/URL-Shortener/handler/handler.go:56.80,59.13 3 0
github.com/homirock/URL-Shortener/handler/handler.go:59.13,62.3 2 0
github.com/homirock/URL-Shortener/handler/handler.go:63.2,63.55 1 0
github.com/homirock/URL-Shortener/handler/handler.go:66.76,78.2 5 1
github.com/homirock/URL-Shortener/handler/handler.go:80.64,82.39 2 1
github.com/homirock/URL-Shortener/handler/handler.go:82.39,84.17 2 1
github.com/homirock/URL-Shortener/handler/handler.go:84.17,85.12 1 0
github.com/homirock/URL-Shortener/handler/handler.go:87.3,88.22 2 1
github.com/homirock/URL-Shortener/handler/handler.go:90.2,90.20 1 1
github.com/homirock/URL-Shortener/handler/handler.go:93.64,100.41 4 1
github.com/homirock/URL-Shortener/handler/handler.go:100.41,102.3 1 1
github.com/homirock/URL-Shortener/handler/handler.go:103.2,103.46 1 1
github.com/homirock/URL-Shortener/handler/handler.go:103.46,105.3 1 1
github.com/homirock/URL-Shortener/handler/handler.go:106.2,106.49 1 1
github.com/homirock/URL-Shortener/handler/handler.go:106.49,108.3 1 1
github.com/homirock/URL-Shortener/handler/handler.go:109.2,109.19 1 1
github.com/homirock/URL-Shortener/handler/handler.go:112.32,116.38 4 1
github.com/homirock/URL-Shortener/handler/handler.go:116.38,118.3 1 1
github.com/homirock/URL-Shortener/handler/handler.go:119.2,119.25 1 1
